2025-05-28 14:38:29,187 - __main__ - INFO - Запуск бота...
2025-05-28 15:05:24,936 - __main__ - INFO - Запуск бота...
2025-05-28 15:11:56,364 - __main__ - INFO - Запуск бота...
2025-05-28 15:21:11,575 - __main__ - INFO - Запуск бота...
2025-05-28 15:22:58,125 - __main__ - INFO - Запуск бота...
2025-05-28 15:24:49,337 - __main__ - INFO - Запуск бота...
2025-05-28 15:24:49,338 - __main__ - INFO - 🔍 Проверка зависимостей...
2025-05-28 15:24:49,338 - __main__ - INFO - Установка python-telegram-bot...
2025-05-28 15:24:49,899 - __main__ - INFO - Установка python-dotenv...
2025-05-28 15:24:50,345 - __main__ - INFO - 🔍 Проверка переменных окружения...
2025-05-28 15:24:50,345 - __main__ - INFO - 🚀 Запуск ботов...
2025-05-28 15:24:50,347 - __main__ - INFO - ✅ bot.py успешно запущен
2025-05-28 15:24:55,348 - __main__ - INFO - ✅ admin_bot.py успешно запущен
2025-05-28 15:25:20,232 - __main__ - INFO - 
🛑 Остановка ботов...
2025-05-28 15:25:20,233 - __main__ - INFO - ✅ Боты остановлены
2025-05-28 15:25:22,007 - __main__ - INFO - Запуск бота...
2025-05-28 15:25:22,008 - __main__ - INFO - 🔍 Проверка зависимостей...
2025-05-28 15:25:22,008 - __main__ - INFO - Установка python-telegram-bot...
2025-05-28 15:25:22,545 - __main__ - INFO - Установка python-dotenv...
2025-05-28 15:25:22,985 - __main__ - INFO - 🔍 Проверка переменных окружения...
2025-05-28 15:25:22,985 - __main__ - INFO - 🚀 Запуск ботов...
2025-05-28 15:25:22,987 - __main__ - INFO - ✅ bot.py успешно запущен
2025-05-28 15:25:27,988 - __main__ - INFO - ✅ admin_bot.py успешно запущен
2025-05-28 15:26:19,333 - __main__ - INFO - 
🛑 Остановка ботов...
2025-05-28 15:26:19,333 - __main__ - INFO - ✅ Боты остановлены
2025-05-28 15:36:24,022 - __main__ - INFO - Запуск бота...
2025-05-28 15:36:24,022 - __main__ - INFO - 🔍 Проверка зависимостей...
2025-05-28 15:36:24,023 - __main__ - INFO - Установка python-telegram-bot...
2025-05-28 15:36:24,577 - __main__ - INFO - Установка python-dotenv...
2025-05-28 15:36:25,015 - __main__ - INFO - 🔍 Проверка переменных окружения...
2025-05-28 15:36:25,015 - __main__ - INFO - 🚀 Запуск ботов...
2025-05-28 15:36:25,016 - __main__ - INFO - ✅ bot.py успешно запущен
2025-05-28 15:36:30,018 - __main__ - INFO - ✅ admin_bot.py успешно запущен
2025-05-28 16:07:24,283 - __main__ - INFO - 
🛑 Остановка ботов...
2025-05-28 16:07:24,283 - __main__ - INFO - ✅ Боты остановлены
2025-05-28 16:08:25,758 - __main__ - INFO - Запуск бота...
2025-05-28 16:08:25,759 - __main__ - INFO - 🔍 Проверка зависимостей...
2025-05-28 16:08:25,759 - __main__ - INFO - Установка python-telegram-bot...
2025-05-28 16:08:26,316 - __main__ - INFO - Установка python-dotenv...
2025-05-28 16:08:26,757 - __main__ - INFO - 🔍 Проверка переменных окружения...
2025-05-28 16:08:26,757 - __main__ - INFO - 🚀 Запуск ботов...
2025-05-28 16:08:26,758 - __main__ - INFO - ✅ bot.py успешно запущен
2025-05-28 16:08:31,760 - __main__ - INFO - ✅ admin_bot.py успешно запущен
2025-05-28 16:11:26,570 - __main__ - INFO - 
🛑 Остановка ботов...
2025-05-28 16:11:26,570 - __main__ - INFO - ✅ Боты остановлены
2025-05-28 16:11:27,716 - __main__ - INFO - Запуск бота...
2025-05-28 16:11:27,717 - __main__ - INFO - 🔍 Проверка зависимостей...
2025-05-28 16:11:27,718 - __main__ - INFO - Установка python-telegram-bot...
2025-05-28 16:11:28,361 - __main__ - INFO - Установка python-dotenv...
2025-05-28 16:11:28,832 - __main__ - INFO - 🔍 Проверка переменных окружения...
2025-05-28 16:11:28,832 - __main__ - INFO - 🚀 Запуск ботов...
2025-05-28 16:11:28,833 - __main__ - INFO - ✅ bot.py успешно запущен
2025-05-28 16:11:33,835 - __main__ - INFO - ✅ admin_bot.py успешно запущен
2025-05-28 16:11:33,835 - __main__ - ERROR - [Основной бот] Ошибка: 2025-05-28 16:11:29,185 - httpx - DEBUG - load_ssl_context verify=True cert=None trust_env=True http2=False
2025-05-28 16:16:27,595 - __main__ - INFO - 
🛑 Остановка ботов...
2025-05-28 16:16:27,595 - __main__ - INFO - ✅ Боты остановлены
2025-05-28 16:16:57,929 - __main__ - INFO - Запуск бота...
2025-05-28 16:16:57,930 - __main__ - INFO - 🔍 Проверка зависимостей...
2025-05-28 16:16:57,930 - __main__ - INFO - Установка python-telegram-bot...
2025-05-28 16:16:58,488 - __main__ - INFO - Установка python-dotenv...
2025-05-28 16:16:58,933 - __main__ - INFO - 🔍 Проверка переменных окружения...
2025-05-28 16:16:58,933 - __main__ - INFO - 🚀 Запуск ботов...
2025-05-28 16:16:58,934 - __main__ - INFO - ✅ bot.py успешно запущен
2025-05-28 16:17:03,935 - __main__ - INFO - ✅ admin_bot.py успешно запущен
2025-05-28 16:17:03,936 - __main__ - ERROR - [Основной бот] Ошибка: /home/ilya/Документы/VPN AMEGA/bot.py:772: PTBUserWarning: If 'per_message=False', 'CallbackQueryHandler' will not be tracked for every message. Read this FAQ entry to learn more about the per_* settings: https://github.com/python-telegram-bot/python-telegram-bot/wiki/Frequently-Asked-Questions#what-do-the-per_-settings-in-conversationhandler-do.
2025-05-28 16:17:34,987 - __main__ - INFO - 
🛑 Остановка ботов...
2025-05-28 16:17:34,987 - __main__ - INFO - ✅ Боты остановлены
2025-05-28 16:17:40,304 - __main__ - INFO - Запуск бота...
2025-05-28 16:17:40,305 - __main__ - INFO - 🔍 Проверка зависимостей...
2025-05-28 16:17:40,306 - __main__ - INFO - Установка python-telegram-bot...
2025-05-28 16:17:40,867 - __main__ - INFO - Установка python-dotenv...
2025-05-28 16:17:41,321 - __main__ - INFO - 🔍 Проверка переменных окружения...
2025-05-28 16:17:41,321 - __main__ - INFO - 🚀 Запуск ботов...
2025-05-28 16:17:41,322 - __main__ - INFO - ✅ bot.py успешно запущен
2025-05-28 16:17:46,324 - __main__ - INFO - ✅ admin_bot.py успешно запущен
2025-05-28 16:17:46,324 - __main__ - ERROR - [Основной бот] Ошибка: /home/ilya/Документы/VPN AMEGA/bot.py:772: PTBUserWarning: If 'per_message=False', 'CallbackQueryHandler' will not be tracked for every message. Read this FAQ entry to learn more about the per_* settings: https://github.com/python-telegram-bot/python-telegram-bot/wiki/Frequently-Asked-Questions#what-do-the-per_-settings-in-conversationhandler-do.
2025-05-28 16:17:53,810 - __main__ - INFO - 
🛑 Остановка ботов...
2025-05-28 16:17:53,810 - __main__ - INFO - ✅ Боты остановлены
2025-05-28 16:20:10,834 - __main__ - INFO - Запуск бота...
2025-05-28 16:20:10,835 - __main__ - INFO - 🔍 Проверка зависимостей...
2025-05-28 16:20:10,835 - __main__ - INFO - Установка python-telegram-bot...
2025-05-28 16:20:11,390 - __main__ - INFO - Установка python-dotenv...
2025-05-28 16:20:11,838 - __main__ - INFO - 🔍 Проверка переменных окружения...
2025-05-28 16:20:11,838 - __main__ - INFO - 🚀 Запуск ботов...
2025-05-28 16:20:11,840 - __main__ - INFO - ✅ bot.py успешно запущен
2025-05-28 16:20:16,841 - __main__ - INFO - ✅ admin_bot.py успешно запущен
2025-05-28 16:20:56,431 - __main__ - INFO - 
🛑 Остановка ботов...
2025-05-28 16:20:56,432 - __main__ - INFO - ✅ Боты остановлены
2025-05-28 16:25:40,839 - __main__ - INFO - Запуск бота...
2025-05-28 16:25:40,840 - __main__ - INFO - 🔍 Проверка зависимостей...
2025-05-28 16:25:40,840 - __main__ - INFO - Установка python-telegram-bot...
2025-05-28 16:25:41,388 - __main__ - INFO - Установка python-dotenv...
2025-05-28 16:25:41,839 - __main__ - INFO - 🔍 Проверка переменных окружения...
2025-05-28 16:25:41,839 - __main__ - INFO - 🚀 Запуск ботов...
2025-05-28 16:25:41,841 - __main__ - INFO - ✅ bot.py успешно запущен
2025-05-28 16:25:46,843 - __main__ - INFO - ✅ admin_bot.py успешно запущен
2025-05-28 16:27:38,734 - __main__ - INFO - 
🛑 Остановка ботов...
2025-05-28 16:27:38,734 - __main__ - INFO - ✅ Боты остановлены
2025-05-28 16:29:41,053 - __main__ - INFO - Запуск бота...
2025-05-28 16:29:41,054 - __main__ - INFO - 🔍 Проверка зависимостей...
2025-05-28 16:29:41,054 - __main__ - INFO - Установка python-telegram-bot...
2025-05-28 16:29:41,597 - __main__ - INFO - Установка python-dotenv...
2025-05-28 16:29:42,038 - __main__ - INFO - 🔍 Проверка переменных окружения...
2025-05-28 16:29:42,038 - __main__ - INFO - 🚀 Запуск ботов...
2025-05-28 16:29:42,040 - __main__ - INFO - ✅ bot.py успешно запущен
2025-05-28 16:29:47,041 - __main__ - INFO - ✅ admin_bot.py успешно запущен
2025-05-28 16:30:16,066 - __main__ - INFO - 
🛑 Остановка ботов...
2025-05-28 16:30:16,066 - __main__ - INFO - ✅ Боты остановлены
